# JRE version: Java(TM) SE Runtime Environment (8.0_111-b14) (build 1.8.0_111-b14)
# Java VM: Java HotSpot(TM) 64-Bit Server VM (25.111-b14 mixed mode windows-amd64 compressed oops)
Heap:
 PSYoungGen      total 633344K, used 359440K [0x00000000d5a00000, 0x00000000ffe80000, 0x0000000100000000)
  eden space 578048K, 59% used [0x00000000d5a00000,0x00000000eaaec098,0x00000000f8e80000)
  from space 55296K, 26% used [0x00000000f8e80000,0x00000000f9c98320,0x00000000fc480000)
  to   space 52736K, 0% used [0x00000000fcb00000,0x00000000fcb00000,0x00000000ffe80000)
 ParOldGen       total 186368K, used 121145K [0x0000000080e00000, 0x000000008c400000, 0x00000000d5a00000)
  object space 186368K, 65% used [0x0000000080e00000,0x000000008844e748,0x000000008c400000)
 Metaspace       used 29320K, capacity 30226K, committed 30592K, reserved 1077248K
  class space    used 3371K, capacity 3624K, committed 3712K, reserved 1048576K
GC Heap History (10 events):
Event: 23.202 GC heap before
{Heap before GC invocations=11 (full 2):
 PSYoungGen      total 398848K, used 32250K [0x00000000d5a00000, 0x00000000fe700000, 0x0000000100000000)
  eden space 366592K, 0% used [0x00000000d5a00000,0x00000000d5a00000,0x00000000ec000000)
  from space 32256K, 99% used [0x00000000ec000000,0x00000000edf7ebb0,0x00000000edf80000)
  to   space 61440K, 0% used [0x00000000fab00000,0x00000000fab00000,0x00000000fe700000)
 ParOldGen       total 97280K, used 97079K [0x0000000080e00000, 0x0000000086d00000, 0x00000000d5a00000)
  object space 97280K, 99% used [0x0000000080e00000,0x0000000086ccdcf8,0x0000000086d00000)
 Metaspace       used 28549K, capacity 29440K, committed 29824K, reserved 1075200K
  class space    used 3366K, capacity 3621K, committed 3712K, reserved 1048576K
Event: 23.454 GC heap after
Heap after GC invocations=11 (full 2):
 PSYoungGen      total 398848K, used 22497K [0x00000000d5a00000, 0x00000000fe700000, 0x0000000100000000)
  eden space 366592K, 0% used [0x00000000d5a00000,0x00000000d5a00000,0x00000000ec000000)
  from space 32256K, 69% used [0x00000000ec000000,0x00000000ed5f8680,0x00000000edf80000)
  to   space 61440K, 0% used [0x00000000fab00000,0x00000000fab00000,0x00000000fe700000)
 ParOldGen       total 186368K, used 96976K [0x0000000080e00000, 0x000000008c400000, 0x00000000d5a00000)
  object space 186368K, 52% used [0x0000000080e00000,0x0000000086cb4068,0x000000008c400000)
 Metaspace       used 28549K, capacity 29440K, committed 29824K, reserved 1075200K
  class space    used 3366K, capacity 3621K, committed 3712K, reserved 1048576K
}
Event: 74.295 GC heap before
{Heap before GC invocations=12 (full 2):
 PSYoungGen      total 398848K, used 389089K [0x00000000d5a00000, 0x00000000fe700000, 0x0000000100000000)
  eden space 366592K, 100% used [0x00000000d5a00000,0x00000000ec000000,0x00000000ec000000)
  from space 32256K, 69% used [0x00000000ec000000,0x00000000ed5f8680,0x00000000edf80000)
  to   space 61440K, 0% used [0x00000000fab00000,0x00000000fab00000,0x00000000fe700000)
 ParOldGen       total 186368K, used 96976K [0x0000000080e00000, 0x000000008c400000, 0x00000000d5a00000)
  object space 186368K, 52% used [0x0000000080e00000,0x0000000086cb4068,0x000000008c400000)
 Metaspace       used 28939K, capacity 29842K, committed 30080K, reserved 1075200K
  class space    used 3371K, capacity 3624K, committed 3712K, reserved 1048576K
Event: 74.319 GC heap after
Heap after GC invocations=12 (full 2):
 PSYoungGen      total 551936K, used 25629K [0x00000000d5a00000, 0x00000000fc980000, 0x0000000100000000)
  eden space 520704K, 0% used [0x00000000d5a00000,0x00000000d5a00000,0x00000000f5680000)
  from space 31232K, 82% used [0x00000000fab00000,0x00000000fc4074c0,0x00000000fc980000)
  to   space 58880K, 0% used [0x00000000f5680000,0x00000000f5680000,0x00000000f9000000)
 ParOldGen       total 186368K, used 103160K [0x0000000080e00000, 0x000000008c400000, 0x00000000d5a00000)
  object space 186368K, 55% used [0x0000000080e00000,0x00000000872be078,0x000000008c400000)
 Metaspace       used 28939K, capacity 29842K, committed 30080K, reserved 1075200K
  class space    used 3371K, capacity 3624K, committed 3712K, reserved 1048576K
}
Event: 112.726 GC heap before
{Heap before GC invocations=13 (full 2):
 PSYoungGen      total 551936K, used 546333K [0x00000000d5a00000, 0x00000000fc980000, 0x0000000100000000)
  eden space 520704K, 100% used [0x00000000d5a00000,0x00000000f5680000,0x00000000f5680000)
  from space 31232K, 82% used [0x00000000fab00000,0x00000000fc4074c0,0x00000000fc980000)
  to   space 58880K, 0% used [0x00000000f5680000,0x00000000f5680000,0x00000000f9000000)
 ParOldGen       total 186368K, used 103160K [0x0000000080e00000, 0x000000008c400000, 0x00000000d5a00000)
  object space 186368K, 55% used [0x0000000080e00000,0x00000000872be078,0x000000008c400000)
 Metaspace       used 29111K, capacity 29970K, committed 30336K, reserved 1075200K
  class space    used 3371K, capacity 3624K, committed 3712K, reserved 1048576K
Event: 112.744 GC heap after
Heap after GC invocations=13 (full 2):
 PSYoungGen      total 579584K, used 9491K [0x00000000d5a00000, 0x0000000100000000, 0x0000000100000000)
  eden space 520704K, 0% used [0x00000000d5a00000,0x00000000d5a00000,0x00000000f5680000)
  from space 58880K, 16% used [0x00000000f5680000,0x00000000f5fc4f10,0x00000000f9000000)
  to   space 57344K, 0% used [0x00000000fc800000,0x00000000fc800000,0x0000000100000000)
 ParOldGen       total 186368K, used 120123K [0x0000000080e00000, 0x000000008c400000, 0x00000000d5a00000)
  object space 186368K, 64% used [0x0000000080e00000,0x000000008834edf8,0x000000008c400000)
 Metaspace       used 29111K, capacity 29970K, committed 30336K, reserved 1075200K
  class space    used 3371K, capacity 3624K, committed 3712K, reserved 1048576K
}
Event: 187.596 GC heap before
{Heap before GC invocations=14 (full 2):
 PSYoungGen      total 579584K, used 530195K [0x00000000d5a00000, 0x0000000100000000, 0x0000000100000000)
  eden space 520704K, 100% used [0x00000000d5a00000,0x00000000f5680000,0x00000000f5680000)
  from space 58880K, 16% used [0x00000000f5680000,0x00000000f5fc4f10,0x00000000f9000000)
  to   space 57344K, 0% used [0x00000000fc800000,0x00000000fc800000,0x0000000100000000)
 ParOldGen       total 186368K, used 120123K [0x0000000080e00000, 0x000000008c400000, 0x00000000d5a00000)
  object space 186368K, 64% used [0x0000000080e00000,0x000000008834edf8,0x000000008c400000)
 Metaspace       used 29253K, capacity 30162K, committed 30336K, reserved 1075200K
  class space    used 3371K, capacity 3624K, committed 3712K, reserved 1048576K
Event: 187.606 GC heap after
Heap after GC invocations=14 (full 2):
 PSYoungGen      total 629760K, used 13982K [0x00000000d5a00000, 0x00000000ffa80000, 0x0000000100000000)
  eden space 578048K, 0% used [0x00000000d5a00000,0x00000000d5a00000,0x00000000f8e80000)
  from space 51712K, 27% used [0x00000000fc800000,0x00000000fd5a78c0,0x00000000ffa80000)
  to   space 55296K, 0% used [0x00000000f8e80000,0x00000000f8e80000,0x00000000fc480000)
 ParOldGen       total 186368K, used 120508K [0x0000000080e00000, 0x000000008c400000, 0x00000000d5a00000)
  object space 186368K, 64% used [0x0000000080e00000,0x00000000883af288,0x000000008c400000)
 Metaspace       used 29253K, capacity 30162K, committed 30336K, reserved 1075200K
  class space    used 3371K, capacity 3624K, committed 3712K, reserved 1048576K
}
Event: 282.771 GC heap before
{Heap before GC invocations=15 (full 2):
 PSYoungGen      total 629760K, used 592030K [0x00000000d5a00000, 0x00000000ffa80000, 0x0000000100000000)
  eden space 578048K, 100% used [0x00000000d5a00000,0x00000000f8e80000,0x00000000f8e80000)
  from space 51712K, 27% used [0x00000000fc800000,0x00000000fd5a78c0,0x00000000ffa80000)
  to   space 55296K, 0% used [0x00000000f8e80000,0x00000000f8e80000,0x00000000fc480000)
 ParOldGen       total 186368K, used 120508K [0x0000000080e00000, 0x000000008c400000, 0x00000000d5a00000)
  object space 186368K, 64% used [0x0000000080e00000,0x00000000883af288,0x000000008c400000)
 Metaspace       used 29287K, capacity 30226K, committed 30592K, reserved 1077248K
  class space    used 3371K, capacity 3624K, committed 3712K, reserved 1048576K
Event: 282.780 GC heap after
Heap after GC invocations=15 (full 2):
 PSYoungGen      total 633344K, used 14432K [0x00000000d5a00000, 0x00000000ffe80000, 0x0000000100000000)
  eden space 578048K, 0% used [0x00000000d5a00000,0x00000000d5a00000,0x00000000f8e80000)
  from space 55296K, 26% used [0x00000000f8e80000,0x00000000f9c98320,0x00000000fc480000)
  to   space 52736K, 0% used [0x00000000fcb00000,0x00000000fcb00000,0x00000000ffe80000)
 ParOldGen       total 186368K, used 121145K [0x0000000080e00000, 0x000000008c400000, 0x00000000d5a00000)
  object space 186368K, 65% used [0x0000000080e00000,0x000000008844e748,0x000000008c400000)
 Metaspace       used 29287K, capacity 30226K, committed 30592K, reserved 1077248K
  class space    used 3371K, capacity 3624K, committed 3712K, reserved 1048576K
}

